[
  {
    "timestamp": "2016-04-06 00:27:56.055516", 
    "testcases": [
      {
        "ptsPossible": 1.0, 
        "ptsEarned": 0.0, 
        "description": "Test that target command gets run", 
        "name": "basic_test", 
        "log": "Trying to compile your code...\nSuccessfully compiled your code..\nFailed to find correct output (or extra printouts?)"
      }, 
      {
        "ptsPossible": 1.0, 
        "ptsEarned": 0.0, 
        "description": "Test that targets don't get run until dependencies are satisfied", 
        "name": "basic_test1", 
        "log": "Trying to compile your code...\nSuccessfully compiled your code..\nDid not find the correct output"
      }, 
      {
        "ptsPossible": 1.0, 
        "ptsEarned": 0.0, 
        "description": "Test that a more complex dependencies list gets printed correctly", 
        "name": "basic_test2", 
        "log": "Trying to compile your code...\nSuccessfully compiled your code.."
      }, 
      {
        "ptsPossible": 1.0, 
        "ptsEarned": 0.0, 
        "description": "Test correct commands are run when command fails", 
        "name": "fail_test", 
        "log": "Trying to compile your code...\nSuccessfully compiled your code..\nFailed to find correct output"
      }, 
      {
        "ptsPossible": 1.0, 
        "ptsEarned": 0.0, 
        "description": "Test that specified makefile targets get run correctly", 
        "name": "target_test", 
        "log": "Trying to compile your code...\nSuccessfully compiled your code..\nFailed to find correct output in the correct order (or extra printouts?)"
      }, 
      {
        "ptsPossible": 1.0, 
        "ptsEarned": 0.0, 
        "description": "Test that specified makefile targets with dependencies get run correctly", 
        "name": "target_test1", 
        "log": "Trying to compile your code...\nSuccessfully compiled your code.."
      }, 
      {
        "ptsPossible": 1.0, 
        "ptsEarned": 0.0, 
        "description": "Test that targets don't run if dependency not modified", 
        "name": "touch_test", 
        "log": "Trying to compile your code...\nSuccessfully compiled your code..\nDid not find the correct output"
      }, 
      {
        "ptsPossible": 1.0, 
        "ptsEarned": 1.0, 
        "description": "Test that tsan doesn't throw warnings/errors", 
        "name": "tsan_test", 
        "log": "Trying to compile your code...\nSuccessfully compiled your code.."
      }, 
      {
        "ptsPossible": 6.0, 
        "ptsEarned": 0.0, 
        "description": "Test that ensure doing threading properly", 
        "name": "thread_test", 
        "log": "Trying to compile your code...\nSuccessfully compiled your code..\nCould not find correct output in correct order (or extra printouts?)"
      }, 
      {
        "ptsPossible": 6.0, 
        "ptsEarned": 0.0, 
        "description": "Test that a more complex dependencies list gets printed correctly (but needs to be threaded this time", 
        "name": "basic_test2_threaded", 
        "log": "Trying to compile your code...\nSuccessfully compiled your code.."
      }, 
      {
        "ptsPossible": 1.0, 
        "ptsEarned": 1.0, 
        "description": "Memory test", 
        "name": "memory_test", 
        "log": "Trying to compile your code...\nSuccessfully compiled your code.."
      }
    ], 
    "revision": "63553", 
    "checksum": "be6070aadac97136a1282dde848ed6423bebaa80  parmake.c"
  }, 
  {
    "timestamp": "2016-04-08 00:00:03.391997", 
    "testcases": [
      {
        "description": "Test that target command gets run", 
        "ptsEarned": 0.0, 
        "log": "Trying to compile your code...\nSuccessfully compiled your code..\nFailed to find correct output (or extra printouts?)", 
        "name": "basic_test", 
        "ptsPossible": 1.0
      }, 
      {
        "description": "Test that targets don't get run until dependencies are satisfied", 
        "ptsEarned": 0.0, 
        "log": "Trying to compile your code...\nSuccessfully compiled your code..\nDid not find the correct output", 
        "name": "basic_test1", 
        "ptsPossible": 1.0
      }, 
      {
        "description": "Test that a more complex dependencies list gets printed correctly", 
        "ptsEarned": 0.0, 
        "log": "Trying to compile your code...\nSuccessfully compiled your code..", 
        "name": "basic_test2", 
        "ptsPossible": 1.0
      }, 
      {
        "description": "Test correct commands are run when command fails", 
        "ptsEarned": 0.0, 
        "log": "Trying to compile your code...\nSuccessfully compiled your code..\nFailed to find correct output", 
        "name": "fail_test", 
        "ptsPossible": 1.0
      }, 
      {
        "description": "Test that specified makefile targets get run correctly", 
        "ptsEarned": 0.0, 
        "log": "Trying to compile your code...\nSuccessfully compiled your code..\nFailed to find correct output in the correct order (or extra printouts?)", 
        "name": "target_test", 
        "ptsPossible": 1.0
      }, 
      {
        "description": "Test that specified makefile targets with dependencies get run correctly", 
        "ptsEarned": 0.0, 
        "log": "Trying to compile your code...\nSuccessfully compiled your code..", 
        "name": "target_test1", 
        "ptsPossible": 1.0
      }, 
      {
        "description": "Test that targets don't run if dependency not modified", 
        "ptsEarned": 0.0, 
        "log": "Trying to compile your code...\nSuccessfully compiled your code..\nDid not find the correct output", 
        "name": "touch_test", 
        "ptsPossible": 1.0
      }, 
      {
        "description": "Test that tsan doesn't throw warnings/errors", 
        "ptsEarned": 1.0, 
        "log": "Trying to compile your code...\nSuccessfully compiled your code..", 
        "name": "tsan_test", 
        "ptsPossible": 1.0
      }, 
      {
        "description": "Test that ensure doing threading properly", 
        "ptsEarned": 0.0, 
        "log": "Trying to compile your code...\nSuccessfully compiled your code..\nCould not find correct output in correct order (or extra printouts?)", 
        "name": "thread_test", 
        "ptsPossible": 6.0
      }, 
      {
        "description": "Test that a more complex dependencies list gets printed correctly (but needs to be threaded this time", 
        "ptsEarned": 0.0, 
        "log": "Trying to compile your code...\nSuccessfully compiled your code..", 
        "name": "basic_test2_threaded", 
        "ptsPossible": 6.0
      }, 
      {
        "description": "Memory test", 
        "ptsEarned": 1.0, 
        "log": "Trying to compile your code...\nSuccessfully compiled your code..", 
        "name": "memory_test", 
        "ptsPossible": 1.0
      }
    ], 
    "checksum": "be6070aadac97136a1282dde848ed6423bebaa80  parmake.c", 
    "revision": "66642"
  }, 
  {
    "timestamp": "2016-04-10 00:00:02.646941", 
    "testcases": [
      {
        "log": "Trying to compile your code...\nFAILED TO COMPILE!\nparmake.c: In function \u2018parsed_new_dependency\u2019:\nparmake.c:61:2: error: statement with no effect [-Werror=unused-value]\n  for(count;count>0;count--){\n  ^\nparmake.c: In function \u2018parsed_new_command\u2019:\nparmake.c:79:2: error: statement with no effect [-Werror=unused-value]\n  for(count;count>0;count--){\n  ^\nparmake.c: In function \u2018allfiles\u2019:\nparmake.c:109:3: error: statement with no effect [-Werror=unused-value]\n   for(counter;counter>0;counter--){\n   ^\nparmake.c:95:12: error: unused variable \u2018removal\u2019 [-Werror=unused-variable]\n  rule_t  * removal;\n            ^\nparmake.c: In function \u2018allrules\u2019:\nparmake.c:149:2: error: statement with no effect [-Werror=unused-value]\n  for(depsCounter;depsCounter>0;depsCounter--){\n  ^\nparmake.c:151:3: error: statement with no effect [-Werror=unused-value]\n   for(counter;counter>0;counter--){\n   ^\nparmake.c: In function \u2018removeFiles\u2019:\nparmake.c:179:2: error: statement with no effect [-Werror=unused-value]\n  for(counter;counter>0;counter--){\n  ^\nparmake.c: In function \u2018iterator_checker\u2019:\nparmake.c:214:2: error: statement with no effect [-Werror=unused-value]\n  for(total_rules;total_rules>0;total_rules--){\n  ^\nparmake.c:220:4: error: statement with no effect [-Werror=unused-value]\n    for(counter;counter>0;counter--){\n    ^\nparmake.c:235:16: error: comparison between signed and unsigned integer expressions [-Werror=sign-compare]\n    if(fileCount==currRule->deps->size){\n                ^\nparmake.c:205:6: error: unused variable \u2018allFiles\u2019 [-Werror=unused-variable]\n  int allFiles=0;\n      ^\nparmake.c:204:6: error: unused variable \u2018allRules\u2019 [-Werror=unused-variable]\n  int allRules=0;\n      ^\nparmake.c: In function \u2018entireRunner\u2019:\nparmake.c:300:47: error: comparison between signed and unsigned integer expressions [-Werror=sign-compare]\n  while((ruleQueue->size!=0 && alreadyRan->size!=number_of_rules) || last_thread){\n                                               ^\nparmake.c: At top level:\nparmake.c:313:1: error: expected identifier or \u2018(\u2019 before \u2018]\u2019 token\n ]\n ^\ncc1: all warnings being treated as errors\nmake: *** [.objs/parmake-release.o] Error 1\n", 
        "ptsEarned": 0.0, 
        "ptsPossible": 1.0, 
        "name": "basic_test", 
        "description": "Test that target command gets run"
      }, 
      {
        "log": "Trying to compile your code...\nFAILED TO COMPILE!\nparmake.c: In function \u2018parsed_new_dependency\u2019:\nparmake.c:61:2: error: statement with no effect [-Werror=unused-value]\n  for(count;count>0;count--){\n  ^\nparmake.c: In function \u2018parsed_new_command\u2019:\nparmake.c:79:2: error: statement with no effect [-Werror=unused-value]\n  for(count;count>0;count--){\n  ^\nparmake.c: In function \u2018allfiles\u2019:\nparmake.c:109:3: error: statement with no effect [-Werror=unused-value]\n   for(counter;counter>0;counter--){\n   ^\nparmake.c:95:12: error: unused variable \u2018removal\u2019 [-Werror=unused-variable]\n  rule_t  * removal;\n            ^\nparmake.c: In function \u2018allrules\u2019:\nparmake.c:149:2: error: statement with no effect [-Werror=unused-value]\n  for(depsCounter;depsCounter>0;depsCounter--){\n  ^\nparmake.c:151:3: error: statement with no effect [-Werror=unused-value]\n   for(counter;counter>0;counter--){\n   ^\nparmake.c: In function \u2018removeFiles\u2019:\nparmake.c:179:2: error: statement with no effect [-Werror=unused-value]\n  for(counter;counter>0;counter--){\n  ^\nparmake.c: In function \u2018iterator_checker\u2019:\nparmake.c:214:2: error: statement with no effect [-Werror=unused-value]\n  for(total_rules;total_rules>0;total_rules--){\n  ^\nparmake.c:220:4: error: statement with no effect [-Werror=unused-value]\n    for(counter;counter>0;counter--){\n    ^\nparmake.c:235:16: error: comparison between signed and unsigned integer expressions [-Werror=sign-compare]\n    if(fileCount==currRule->deps->size){\n                ^\nparmake.c:205:6: error: unused variable \u2018allFiles\u2019 [-Werror=unused-variable]\n  int allFiles=0;\n      ^\nparmake.c:204:6: error: unused variable \u2018allRules\u2019 [-Werror=unused-variable]\n  int allRules=0;\n      ^\nparmake.c: In function \u2018entireRunner\u2019:\nparmake.c:300:47: error: comparison between signed and unsigned integer expressions [-Werror=sign-compare]\n  while((ruleQueue->size!=0 && alreadyRan->size!=number_of_rules) || last_thread){\n                                               ^\nparmake.c: At top level:\nparmake.c:313:1: error: expected identifier or \u2018(\u2019 before \u2018]\u2019 token\n ]\n ^\ncc1: all warnings being treated as errors\nmake: *** [.objs/parmake-release.o] Error 1\n", 
        "ptsEarned": 0.0, 
        "ptsPossible": 1.0, 
        "name": "basic_test1", 
        "description": "Test that targets don't get run until dependencies are satisfied"
      }, 
      {
        "log": "Trying to compile your code...\nFAILED TO COMPILE!\nparmake.c: In function \u2018parsed_new_dependency\u2019:\nparmake.c:61:2: error: statement with no effect [-Werror=unused-value]\n  for(count;count>0;count--){\n  ^\nparmake.c: In function \u2018parsed_new_command\u2019:\nparmake.c:79:2: error: statement with no effect [-Werror=unused-value]\n  for(count;count>0;count--){\n  ^\nparmake.c: In function \u2018allfiles\u2019:\nparmake.c:109:3: error: statement with no effect [-Werror=unused-value]\n   for(counter;counter>0;counter--){\n   ^\nparmake.c:95:12: error: unused variable \u2018removal\u2019 [-Werror=unused-variable]\n  rule_t  * removal;\n            ^\nparmake.c: In function \u2018allrules\u2019:\nparmake.c:149:2: error: statement with no effect [-Werror=unused-value]\n  for(depsCounter;depsCounter>0;depsCounter--){\n  ^\nparmake.c:151:3: error: statement with no effect [-Werror=unused-value]\n   for(counter;counter>0;counter--){\n   ^\nparmake.c: In function \u2018removeFiles\u2019:\nparmake.c:179:2: error: statement with no effect [-Werror=unused-value]\n  for(counter;counter>0;counter--){\n  ^\nparmake.c: In function \u2018iterator_checker\u2019:\nparmake.c:214:2: error: statement with no effect [-Werror=unused-value]\n  for(total_rules;total_rules>0;total_rules--){\n  ^\nparmake.c:220:4: error: statement with no effect [-Werror=unused-value]\n    for(counter;counter>0;counter--){\n    ^\nparmake.c:235:16: error: comparison between signed and unsigned integer expressions [-Werror=sign-compare]\n    if(fileCount==currRule->deps->size){\n                ^\nparmake.c:205:6: error: unused variable \u2018allFiles\u2019 [-Werror=unused-variable]\n  int allFiles=0;\n      ^\nparmake.c:204:6: error: unused variable \u2018allRules\u2019 [-Werror=unused-variable]\n  int allRules=0;\n      ^\nparmake.c: In function \u2018entireRunner\u2019:\nparmake.c:300:47: error: comparison between signed and unsigned integer expressions [-Werror=sign-compare]\n  while((ruleQueue->size!=0 && alreadyRan->size!=number_of_rules) || last_thread){\n                                               ^\nparmake.c: At top level:\nparmake.c:313:1: error: expected identifier or \u2018(\u2019 before \u2018]\u2019 token\n ]\n ^\ncc1: all warnings being treated as errors\nmake: *** [.objs/parmake-release.o] Error 1\n", 
        "ptsEarned": 0.0, 
        "ptsPossible": 1.0, 
        "name": "basic_test2", 
        "description": "Test that a more complex dependencies list gets printed correctly"
      }, 
      {
        "log": "Trying to compile your code...\nFAILED TO COMPILE!\nparmake.c: In function \u2018parsed_new_dependency\u2019:\nparmake.c:61:2: error: statement with no effect [-Werror=unused-value]\n  for(count;count>0;count--){\n  ^\nparmake.c: In function \u2018parsed_new_command\u2019:\nparmake.c:79:2: error: statement with no effect [-Werror=unused-value]\n  for(count;count>0;count--){\n  ^\nparmake.c: In function \u2018allfiles\u2019:\nparmake.c:109:3: error: statement with no effect [-Werror=unused-value]\n   for(counter;counter>0;counter--){\n   ^\nparmake.c:95:12: error: unused variable \u2018removal\u2019 [-Werror=unused-variable]\n  rule_t  * removal;\n            ^\nparmake.c: In function \u2018allrules\u2019:\nparmake.c:149:2: error: statement with no effect [-Werror=unused-value]\n  for(depsCounter;depsCounter>0;depsCounter--){\n  ^\nparmake.c:151:3: error: statement with no effect [-Werror=unused-value]\n   for(counter;counter>0;counter--){\n   ^\nparmake.c: In function \u2018removeFiles\u2019:\nparmake.c:179:2: error: statement with no effect [-Werror=unused-value]\n  for(counter;counter>0;counter--){\n  ^\nparmake.c: In function \u2018iterator_checker\u2019:\nparmake.c:214:2: error: statement with no effect [-Werror=unused-value]\n  for(total_rules;total_rules>0;total_rules--){\n  ^\nparmake.c:220:4: error: statement with no effect [-Werror=unused-value]\n    for(counter;counter>0;counter--){\n    ^\nparmake.c:235:16: error: comparison between signed and unsigned integer expressions [-Werror=sign-compare]\n    if(fileCount==currRule->deps->size){\n                ^\nparmake.c:205:6: error: unused variable \u2018allFiles\u2019 [-Werror=unused-variable]\n  int allFiles=0;\n      ^\nparmake.c:204:6: error: unused variable \u2018allRules\u2019 [-Werror=unused-variable]\n  int allRules=0;\n      ^\nparmake.c: In function \u2018entireRunner\u2019:\nparmake.c:300:47: error: comparison between signed and unsigned integer expressions [-Werror=sign-compare]\n  while((ruleQueue->size!=0 && alreadyRan->size!=number_of_rules) || last_thread){\n                                               ^\nparmake.c: At top level:\nparmake.c:313:1: error: expected identifier or \u2018(\u2019 before \u2018]\u2019 token\n ]\n ^\ncc1: all warnings being treated as errors\nmake: *** [.objs/parmake-release.o] Error 1\n", 
        "ptsEarned": 0.0, 
        "ptsPossible": 1.0, 
        "name": "fail_test", 
        "description": "Test correct commands are run when command fails"
      }, 
      {
        "log": "Trying to compile your code...\nFAILED TO COMPILE!\nparmake.c: In function \u2018parsed_new_dependency\u2019:\nparmake.c:61:2: error: statement with no effect [-Werror=unused-value]\n  for(count;count>0;count--){\n  ^\nparmake.c: In function \u2018parsed_new_command\u2019:\nparmake.c:79:2: error: statement with no effect [-Werror=unused-value]\n  for(count;count>0;count--){\n  ^\nparmake.c: In function \u2018allfiles\u2019:\nparmake.c:109:3: error: statement with no effect [-Werror=unused-value]\n   for(counter;counter>0;counter--){\n   ^\nparmake.c:95:12: error: unused variable \u2018removal\u2019 [-Werror=unused-variable]\n  rule_t  * removal;\n            ^\nparmake.c: In function \u2018allrules\u2019:\nparmake.c:149:2: error: statement with no effect [-Werror=unused-value]\n  for(depsCounter;depsCounter>0;depsCounter--){\n  ^\nparmake.c:151:3: error: statement with no effect [-Werror=unused-value]\n   for(counter;counter>0;counter--){\n   ^\nparmake.c: In function \u2018removeFiles\u2019:\nparmake.c:179:2: error: statement with no effect [-Werror=unused-value]\n  for(counter;counter>0;counter--){\n  ^\nparmake.c: In function \u2018iterator_checker\u2019:\nparmake.c:214:2: error: statement with no effect [-Werror=unused-value]\n  for(total_rules;total_rules>0;total_rules--){\n  ^\nparmake.c:220:4: error: statement with no effect [-Werror=unused-value]\n    for(counter;counter>0;counter--){\n    ^\nparmake.c:235:16: error: comparison between signed and unsigned integer expressions [-Werror=sign-compare]\n    if(fileCount==currRule->deps->size){\n                ^\nparmake.c:205:6: error: unused variable \u2018allFiles\u2019 [-Werror=unused-variable]\n  int allFiles=0;\n      ^\nparmake.c:204:6: error: unused variable \u2018allRules\u2019 [-Werror=unused-variable]\n  int allRules=0;\n      ^\nparmake.c: In function \u2018entireRunner\u2019:\nparmake.c:300:47: error: comparison between signed and unsigned integer expressions [-Werror=sign-compare]\n  while((ruleQueue->size!=0 && alreadyRan->size!=number_of_rules) || last_thread){\n                                               ^\nparmake.c: At top level:\nparmake.c:313:1: error: expected identifier or \u2018(\u2019 before \u2018]\u2019 token\n ]\n ^\ncc1: all warnings being treated as errors\nmake: *** [.objs/parmake-release.o] Error 1\n", 
        "ptsEarned": 0.0, 
        "ptsPossible": 1.0, 
        "name": "target_test", 
        "description": "Test that specified makefile targets get run correctly"
      }, 
      {
        "log": "Trying to compile your code...\nFAILED TO COMPILE!\nparmake.c: In function \u2018parsed_new_dependency\u2019:\nparmake.c:61:2: error: statement with no effect [-Werror=unused-value]\n  for(count;count>0;count--){\n  ^\nparmake.c: In function \u2018parsed_new_command\u2019:\nparmake.c:79:2: error: statement with no effect [-Werror=unused-value]\n  for(count;count>0;count--){\n  ^\nparmake.c: In function \u2018allfiles\u2019:\nparmake.c:109:3: error: statement with no effect [-Werror=unused-value]\n   for(counter;counter>0;counter--){\n   ^\nparmake.c:95:12: error: unused variable \u2018removal\u2019 [-Werror=unused-variable]\n  rule_t  * removal;\n            ^\nparmake.c: In function \u2018allrules\u2019:\nparmake.c:149:2: error: statement with no effect [-Werror=unused-value]\n  for(depsCounter;depsCounter>0;depsCounter--){\n  ^\nparmake.c:151:3: error: statement with no effect [-Werror=unused-value]\n   for(counter;counter>0;counter--){\n   ^\nparmake.c: In function \u2018removeFiles\u2019:\nparmake.c:179:2: error: statement with no effect [-Werror=unused-value]\n  for(counter;counter>0;counter--){\n  ^\nparmake.c: In function \u2018iterator_checker\u2019:\nparmake.c:214:2: error: statement with no effect [-Werror=unused-value]\n  for(total_rules;total_rules>0;total_rules--){\n  ^\nparmake.c:220:4: error: statement with no effect [-Werror=unused-value]\n    for(counter;counter>0;counter--){\n    ^\nparmake.c:235:16: error: comparison between signed and unsigned integer expressions [-Werror=sign-compare]\n    if(fileCount==currRule->deps->size){\n                ^\nparmake.c:205:6: error: unused variable \u2018allFiles\u2019 [-Werror=unused-variable]\n  int allFiles=0;\n      ^\nparmake.c:204:6: error: unused variable \u2018allRules\u2019 [-Werror=unused-variable]\n  int allRules=0;\n      ^\nparmake.c: In function \u2018entireRunner\u2019:\nparmake.c:300:47: error: comparison between signed and unsigned integer expressions [-Werror=sign-compare]\n  while((ruleQueue->size!=0 && alreadyRan->size!=number_of_rules) || last_thread){\n                                               ^\nparmake.c: At top level:\nparmake.c:313:1: error: expected identifier or \u2018(\u2019 before \u2018]\u2019 token\n ]\n ^\ncc1: all warnings being treated as errors\nmake: *** [.objs/parmake-release.o] Error 1\n", 
        "ptsEarned": 0.0, 
        "ptsPossible": 1.0, 
        "name": "target_test1", 
        "description": "Test that specified makefile targets with dependencies get run correctly"
      }, 
      {
        "log": "Trying to compile your code...\nFAILED TO COMPILE!\nparmake.c: In function \u2018parsed_new_dependency\u2019:\nparmake.c:61:2: error: statement with no effect [-Werror=unused-value]\n  for(count;count>0;count--){\n  ^\nparmake.c: In function \u2018parsed_new_command\u2019:\nparmake.c:79:2: error: statement with no effect [-Werror=unused-value]\n  for(count;count>0;count--){\n  ^\nparmake.c: In function \u2018allfiles\u2019:\nparmake.c:109:3: error: statement with no effect [-Werror=unused-value]\n   for(counter;counter>0;counter--){\n   ^\nparmake.c:95:12: error: unused variable \u2018removal\u2019 [-Werror=unused-variable]\n  rule_t  * removal;\n            ^\nparmake.c: In function \u2018allrules\u2019:\nparmake.c:149:2: error: statement with no effect [-Werror=unused-value]\n  for(depsCounter;depsCounter>0;depsCounter--){\n  ^\nparmake.c:151:3: error: statement with no effect [-Werror=unused-value]\n   for(counter;counter>0;counter--){\n   ^\nparmake.c: In function \u2018removeFiles\u2019:\nparmake.c:179:2: error: statement with no effect [-Werror=unused-value]\n  for(counter;counter>0;counter--){\n  ^\nparmake.c: In function \u2018iterator_checker\u2019:\nparmake.c:214:2: error: statement with no effect [-Werror=unused-value]\n  for(total_rules;total_rules>0;total_rules--){\n  ^\nparmake.c:220:4: error: statement with no effect [-Werror=unused-value]\n    for(counter;counter>0;counter--){\n    ^\nparmake.c:235:16: error: comparison between signed and unsigned integer expressions [-Werror=sign-compare]\n    if(fileCount==currRule->deps->size){\n                ^\nparmake.c:205:6: error: unused variable \u2018allFiles\u2019 [-Werror=unused-variable]\n  int allFiles=0;\n      ^\nparmake.c:204:6: error: unused variable \u2018allRules\u2019 [-Werror=unused-variable]\n  int allRules=0;\n      ^\nparmake.c: In function \u2018entireRunner\u2019:\nparmake.c:300:47: error: comparison between signed and unsigned integer expressions [-Werror=sign-compare]\n  while((ruleQueue->size!=0 && alreadyRan->size!=number_of_rules) || last_thread){\n                                               ^\nparmake.c: At top level:\nparmake.c:313:1: error: expected identifier or \u2018(\u2019 before \u2018]\u2019 token\n ]\n ^\ncc1: all warnings being treated as errors\nmake: *** [.objs/parmake-release.o] Error 1\n", 
        "ptsEarned": 0.0, 
        "ptsPossible": 1.0, 
        "name": "touch_test", 
        "description": "Test that targets don't run if dependency not modified"
      }, 
      {
        "log": "Trying to compile your code...\nFAILED TO COMPILE!\nparmake.c: In function \u2018parsed_new_dependency\u2019:\nparmake.c:61:2: error: statement with no effect [-Werror=unused-value]\n  for(count;count>0;count--){\n  ^\nparmake.c: In function \u2018parsed_new_command\u2019:\nparmake.c:79:2: error: statement with no effect [-Werror=unused-value]\n  for(count;count>0;count--){\n  ^\nparmake.c: In function \u2018allfiles\u2019:\nparmake.c:109:3: error: statement with no effect [-Werror=unused-value]\n   for(counter;counter>0;counter--){\n   ^\nparmake.c:95:12: error: unused variable \u2018removal\u2019 [-Werror=unused-variable]\n  rule_t  * removal;\n            ^\nparmake.c: In function \u2018allrules\u2019:\nparmake.c:149:2: error: statement with no effect [-Werror=unused-value]\n  for(depsCounter;depsCounter>0;depsCounter--){\n  ^\nparmake.c:151:3: error: statement with no effect [-Werror=unused-value]\n   for(counter;counter>0;counter--){\n   ^\nparmake.c: In function \u2018removeFiles\u2019:\nparmake.c:179:2: error: statement with no effect [-Werror=unused-value]\n  for(counter;counter>0;counter--){\n  ^\nparmake.c: In function \u2018iterator_checker\u2019:\nparmake.c:214:2: error: statement with no effect [-Werror=unused-value]\n  for(total_rules;total_rules>0;total_rules--){\n  ^\nparmake.c:220:4: error: statement with no effect [-Werror=unused-value]\n    for(counter;counter>0;counter--){\n    ^\nparmake.c:235:16: error: comparison between signed and unsigned integer expressions [-Werror=sign-compare]\n    if(fileCount==currRule->deps->size){\n                ^\nparmake.c:205:6: error: unused variable \u2018allFiles\u2019 [-Werror=unused-variable]\n  int allFiles=0;\n      ^\nparmake.c:204:6: error: unused variable \u2018allRules\u2019 [-Werror=unused-variable]\n  int allRules=0;\n      ^\nparmake.c: In function \u2018entireRunner\u2019:\nparmake.c:300:47: error: comparison between signed and unsigned integer expressions [-Werror=sign-compare]\n  while((ruleQueue->size!=0 && alreadyRan->size!=number_of_rules) || last_thread){\n                                               ^\nparmake.c: At top level:\nparmake.c:313:1: error: expected identifier or \u2018(\u2019 before \u2018]\u2019 token\n ]\n ^\ncc1: all warnings being treated as errors\nmake: *** [.objs/parmake-tsan.o] Error 1\n", 
        "ptsEarned": 0.0, 
        "ptsPossible": 1.0, 
        "name": "tsan_test", 
        "description": "Test that tsan doesn't throw warnings/errors"
      }, 
      {
        "log": "Trying to compile your code...\nFAILED TO COMPILE!\nparmake.c: In function \u2018parsed_new_dependency\u2019:\nparmake.c:61:2: error: statement with no effect [-Werror=unused-value]\n  for(count;count>0;count--){\n  ^\nparmake.c: In function \u2018parsed_new_command\u2019:\nparmake.c:79:2: error: statement with no effect [-Werror=unused-value]\n  for(count;count>0;count--){\n  ^\nparmake.c: In function \u2018allfiles\u2019:\nparmake.c:109:3: error: statement with no effect [-Werror=unused-value]\n   for(counter;counter>0;counter--){\n   ^\nparmake.c:95:12: error: unused variable \u2018removal\u2019 [-Werror=unused-variable]\n  rule_t  * removal;\n            ^\nparmake.c: In function \u2018allrules\u2019:\nparmake.c:149:2: error: statement with no effect [-Werror=unused-value]\n  for(depsCounter;depsCounter>0;depsCounter--){\n  ^\nparmake.c:151:3: error: statement with no effect [-Werror=unused-value]\n   for(counter;counter>0;counter--){\n   ^\nparmake.c: In function \u2018removeFiles\u2019:\nparmake.c:179:2: error: statement with no effect [-Werror=unused-value]\n  for(counter;counter>0;counter--){\n  ^\nparmake.c: In function \u2018iterator_checker\u2019:\nparmake.c:214:2: error: statement with no effect [-Werror=unused-value]\n  for(total_rules;total_rules>0;total_rules--){\n  ^\nparmake.c:220:4: error: statement with no effect [-Werror=unused-value]\n    for(counter;counter>0;counter--){\n    ^\nparmake.c:235:16: error: comparison between signed and unsigned integer expressions [-Werror=sign-compare]\n    if(fileCount==currRule->deps->size){\n                ^\nparmake.c:205:6: error: unused variable \u2018allFiles\u2019 [-Werror=unused-variable]\n  int allFiles=0;\n      ^\nparmake.c:204:6: error: unused variable \u2018allRules\u2019 [-Werror=unused-variable]\n  int allRules=0;\n      ^\nparmake.c: In function \u2018entireRunner\u2019:\nparmake.c:300:47: error: comparison between signed and unsigned integer expressions [-Werror=sign-compare]\n  while((ruleQueue->size!=0 && alreadyRan->size!=number_of_rules) || last_thread){\n                                               ^\nparmake.c: At top level:\nparmake.c:313:1: error: expected identifier or \u2018(\u2019 before \u2018]\u2019 token\n ]\n ^\ncc1: all warnings being treated as errors\nmake: *** [.objs/parmake-release.o] Error 1\n", 
        "ptsEarned": 0.0, 
        "ptsPossible": 6.0, 
        "name": "thread_test", 
        "description": "Test that ensure doing threading properly"
      }, 
      {
        "log": "Trying to compile your code...\nFAILED TO COMPILE!\nparmake.c: In function \u2018parsed_new_dependency\u2019:\nparmake.c:61:2: error: statement with no effect [-Werror=unused-value]\n  for(count;count>0;count--){\n  ^\nparmake.c: In function \u2018parsed_new_command\u2019:\nparmake.c:79:2: error: statement with no effect [-Werror=unused-value]\n  for(count;count>0;count--){\n  ^\nparmake.c: In function \u2018allfiles\u2019:\nparmake.c:109:3: error: statement with no effect [-Werror=unused-value]\n   for(counter;counter>0;counter--){\n   ^\nparmake.c:95:12: error: unused variable \u2018removal\u2019 [-Werror=unused-variable]\n  rule_t  * removal;\n            ^\nparmake.c: In function \u2018allrules\u2019:\nparmake.c:149:2: error: statement with no effect [-Werror=unused-value]\n  for(depsCounter;depsCounter>0;depsCounter--){\n  ^\nparmake.c:151:3: error: statement with no effect [-Werror=unused-value]\n   for(counter;counter>0;counter--){\n   ^\nparmake.c: In function \u2018removeFiles\u2019:\nparmake.c:179:2: error: statement with no effect [-Werror=unused-value]\n  for(counter;counter>0;counter--){\n  ^\nparmake.c: In function \u2018iterator_checker\u2019:\nparmake.c:214:2: error: statement with no effect [-Werror=unused-value]\n  for(total_rules;total_rules>0;total_rules--){\n  ^\nparmake.c:220:4: error: statement with no effect [-Werror=unused-value]\n    for(counter;counter>0;counter--){\n    ^\nparmake.c:235:16: error: comparison between signed and unsigned integer expressions [-Werror=sign-compare]\n    if(fileCount==currRule->deps->size){\n                ^\nparmake.c:205:6: error: unused variable \u2018allFiles\u2019 [-Werror=unused-variable]\n  int allFiles=0;\n      ^\nparmake.c:204:6: error: unused variable \u2018allRules\u2019 [-Werror=unused-variable]\n  int allRules=0;\n      ^\nparmake.c: In function \u2018entireRunner\u2019:\nparmake.c:300:47: error: comparison between signed and unsigned integer expressions [-Werror=sign-compare]\n  while((ruleQueue->size!=0 && alreadyRan->size!=number_of_rules) || last_thread){\n                                               ^\nparmake.c: At top level:\nparmake.c:313:1: error: expected identifier or \u2018(\u2019 before \u2018]\u2019 token\n ]\n ^\ncc1: all warnings being treated as errors\nmake: *** [.objs/parmake-release.o] Error 1\n", 
        "ptsEarned": 0.0, 
        "ptsPossible": 6.0, 
        "name": "basic_test2_threaded", 
        "description": "Test that a more complex dependencies list gets printed correctly (but needs to be threaded this time"
      }, 
      {
        "log": "Trying to compile your code...\nFAILED TO COMPILE!\nparmake.c: In function \u2018parsed_new_dependency\u2019:\nparmake.c:61:2: error: statement with no effect [-Werror=unused-value]\n  for(count;count>0;count--){\n  ^\nparmake.c: In function \u2018parsed_new_command\u2019:\nparmake.c:79:2: error: statement with no effect [-Werror=unused-value]\n  for(count;count>0;count--){\n  ^\nparmake.c: In function \u2018allfiles\u2019:\nparmake.c:109:3: error: statement with no effect [-Werror=unused-value]\n   for(counter;counter>0;counter--){\n   ^\nparmake.c:95:12: error: unused variable \u2018removal\u2019 [-Werror=unused-variable]\n  rule_t  * removal;\n            ^\nparmake.c: In function \u2018allrules\u2019:\nparmake.c:149:2: error: statement with no effect [-Werror=unused-value]\n  for(depsCounter;depsCounter>0;depsCounter--){\n  ^\nparmake.c:151:3: error: statement with no effect [-Werror=unused-value]\n   for(counter;counter>0;counter--){\n   ^\nparmake.c: In function \u2018removeFiles\u2019:\nparmake.c:179:2: error: statement with no effect [-Werror=unused-value]\n  for(counter;counter>0;counter--){\n  ^\nparmake.c: In function \u2018iterator_checker\u2019:\nparmake.c:214:2: error: statement with no effect [-Werror=unused-value]\n  for(total_rules;total_rules>0;total_rules--){\n  ^\nparmake.c:220:4: error: statement with no effect [-Werror=unused-value]\n    for(counter;counter>0;counter--){\n    ^\nparmake.c:235:16: error: comparison between signed and unsigned integer expressions [-Werror=sign-compare]\n    if(fileCount==currRule->deps->size){\n                ^\nparmake.c:205:6: error: unused variable \u2018allFiles\u2019 [-Werror=unused-variable]\n  int allFiles=0;\n      ^\nparmake.c:204:6: error: unused variable \u2018allRules\u2019 [-Werror=unused-variable]\n  int allRules=0;\n      ^\nparmake.c: In function \u2018entireRunner\u2019:\nparmake.c:300:47: error: comparison between signed and unsigned integer expressions [-Werror=sign-compare]\n  while((ruleQueue->size!=0 && alreadyRan->size!=number_of_rules) || last_thread){\n                                               ^\nparmake.c: At top level:\nparmake.c:313:1: error: expected identifier or \u2018(\u2019 before \u2018]\u2019 token\n ]\n ^\ncc1: all warnings being treated as errors\nmake: *** [.objs/parmake-release.o] Error 1\n", 
        "ptsEarned": 0.0, 
        "ptsPossible": 1.0, 
        "name": "memory_test", 
        "description": "Memory test"
      }
    ], 
    "revision": "67270", 
    "checksum": "0407eddedb709dda010a2ca827635dc1ff4bb118  parmake.c"
  }, 
  {
    "timestamp": "2016-04-11 00:00:02.487938", 
    "testcases": [
      {
        "ptsPossible": 1.0, 
        "ptsEarned": 1.0, 
        "description": "Test that target command gets run", 
        "name": "basic_test", 
        "log": "Trying to compile your code...\nSuccessfully compiled your code.."
      }, 
      {
        "ptsPossible": 1.0, 
        "ptsEarned": 1.0, 
        "description": "Test that targets don't get run until dependencies are satisfied", 
        "name": "basic_test1", 
        "log": "Trying to compile your code...\nSuccessfully compiled your code.."
      }, 
      {
        "ptsPossible": 1.0, 
        "ptsEarned": 1.0, 
        "description": "Test that a more complex dependencies list gets printed correctly", 
        "name": "basic_test2", 
        "log": "Trying to compile your code...\nSuccessfully compiled your code.."
      }, 
      {
        "ptsPossible": 1.0, 
        "ptsEarned": 1.0, 
        "description": "Test correct commands are run when command fails", 
        "name": "fail_test", 
        "log": "Trying to compile your code...\nSuccessfully compiled your code.."
      }, 
      {
        "ptsPossible": 1.0, 
        "ptsEarned": 1.0, 
        "description": "Test that specified makefile targets get run correctly", 
        "name": "target_test", 
        "log": "Trying to compile your code...\nSuccessfully compiled your code.."
      }, 
      {
        "ptsPossible": 1.0, 
        "ptsEarned": 1.0, 
        "description": "Test that specified makefile targets with dependencies get run correctly", 
        "name": "target_test1", 
        "log": "Trying to compile your code...\nSuccessfully compiled your code.."
      }, 
      {
        "ptsPossible": 1.0, 
        "ptsEarned": 0.0, 
        "description": "Test that targets don't run if dependency not modified", 
        "name": "touch_test", 
        "log": "Trying to compile your code...\nSuccessfully compiled your code..\nTimeout :("
      }, 
      {
        "ptsPossible": 1.0, 
        "ptsEarned": 0.0, 
        "description": "Test that tsan doesn't throw warnings/errors", 
        "name": "tsan_test", 
        "log": "Trying to compile your code...\nSuccessfully compiled your code..\nTimeout :("
      }, 
      {
        "ptsPossible": 6.0, 
        "ptsEarned": 6.0, 
        "description": "Test that ensure doing threading properly", 
        "name": "thread_test", 
        "log": "Trying to compile your code...\nSuccessfully compiled your code.."
      }, 
      {
        "ptsPossible": 6.0, 
        "ptsEarned": 6.0, 
        "description": "Test that a more complex dependencies list gets printed correctly (but needs to be threaded this time", 
        "name": "basic_test2_threaded", 
        "log": "Trying to compile your code...\nSuccessfully compiled your code.."
      }, 
      {
        "ptsPossible": 1.0, 
        "ptsEarned": 1.0, 
        "description": "Memory test", 
        "name": "memory_test", 
        "log": "Trying to compile your code...\nSuccessfully compiled your code.."
      }
    ], 
    "checksum": "aa9909b7f9fd6f1da5a70db5dd7ff82de1e83f74  parmake.c", 
    "revision": "68433"
  }, 
  {
    "timestamp": "2016-04-12 00:01:03.217705", 
    "testcases": [
      {
        "description": "Test that target command gets run", 
        "ptsEarned": 1.0, 
        "log": "Trying to compile your code...\nSuccessfully compiled your code..", 
        "name": "basic_test", 
        "ptsPossible": 1.0
      }, 
      {
        "description": "Test that targets don't get run until dependencies are satisfied", 
        "ptsEarned": 1.0, 
        "log": "Trying to compile your code...\nSuccessfully compiled your code..", 
        "name": "basic_test1", 
        "ptsPossible": 1.0
      }, 
      {
        "description": "Test that a more complex dependencies list gets printed correctly", 
        "ptsEarned": 1.0, 
        "log": "Trying to compile your code...\nSuccessfully compiled your code..", 
        "name": "basic_test2", 
        "ptsPossible": 1.0
      }, 
      {
        "description": "Test correct commands are run when command fails", 
        "ptsEarned": 1.0, 
        "log": "Trying to compile your code...\nSuccessfully compiled your code..", 
        "name": "fail_test", 
        "ptsPossible": 1.0
      }, 
      {
        "description": "Test that specified makefile targets get run correctly", 
        "ptsEarned": 1.0, 
        "log": "Trying to compile your code...\nSuccessfully compiled your code..", 
        "name": "target_test", 
        "ptsPossible": 1.0
      }, 
      {
        "description": "Test that specified makefile targets with dependencies get run correctly", 
        "ptsEarned": 1.0, 
        "log": "Trying to compile your code...\nSuccessfully compiled your code..", 
        "name": "target_test1", 
        "ptsPossible": 1.0
      }, 
      {
        "description": "Test that targets don't run if dependency not modified", 
        "ptsEarned": 0.0, 
        "log": "Trying to compile your code...\nSuccessfully compiled your code..\nTimeout :(", 
        "name": "touch_test", 
        "ptsPossible": 1.0
      }, 
      {
        "description": "Test that tsan doesn't throw warnings/errors", 
        "ptsEarned": 0.0, 
        "log": "Trying to compile your code...\nSuccessfully compiled your code..\nTimeout :(", 
        "name": "tsan_test", 
        "ptsPossible": 1.0
      }, 
      {
        "description": "Test that ensure doing threading properly", 
        "ptsEarned": 6.0, 
        "log": "Trying to compile your code...\nSuccessfully compiled your code..", 
        "name": "thread_test", 
        "ptsPossible": 6.0
      }, 
      {
        "description": "Test that a more complex dependencies list gets printed correctly (but needs to be threaded this time", 
        "ptsEarned": 6.0, 
        "log": "Trying to compile your code...\nSuccessfully compiled your code..", 
        "name": "basic_test2_threaded", 
        "ptsPossible": 6.0
      }, 
      {
        "description": "Memory test", 
        "ptsEarned": 1.0, 
        "log": "Trying to compile your code...\nSuccessfully compiled your code..", 
        "name": "memory_test", 
        "ptsPossible": 1.0
      }
    ], 
    "revision": "70524", 
    "checksum": "aa9909b7f9fd6f1da5a70db5dd7ff82de1e83f74  parmake.c"
  }, 
  {
    "timestamp": "2016-04-14 10:50:15.631139", 
    "testcases": [
      {
        "log": "Trying to compile your code...\nSuccessfully compiled your code..", 
        "ptsPossible": 1.0, 
        "ptsEarned": 1.0, 
        "name": "basic_test", 
        "description": "Test that target command gets run"
      }, 
      {
        "log": "Trying to compile your code...\nSuccessfully compiled your code..", 
        "ptsPossible": 1.0, 
        "ptsEarned": 1.0, 
        "name": "basic_test1", 
        "description": "Test that targets don't get run until dependencies are satisfied"
      }, 
      {
        "log": "Trying to compile your code...\nSuccessfully compiled your code..", 
        "ptsPossible": 1.0, 
        "ptsEarned": 1.0, 
        "name": "basic_test2", 
        "description": "Test that a more complex dependencies list gets printed correctly"
      }, 
      {
        "log": "Trying to compile your code...\nSuccessfully compiled your code..", 
        "ptsPossible": 1.0, 
        "ptsEarned": 1.0, 
        "name": "fail_test", 
        "description": "Test correct commands are run when command fails"
      }, 
      {
        "log": "Trying to compile your code...\nSuccessfully compiled your code..", 
        "ptsPossible": 1.0, 
        "ptsEarned": 1.0, 
        "name": "target_test", 
        "description": "Test that specified makefile targets get run correctly"
      }, 
      {
        "log": "Trying to compile your code...\nSuccessfully compiled your code..", 
        "ptsPossible": 1.0, 
        "ptsEarned": 1.0, 
        "name": "target_test1", 
        "description": "Test that specified makefile targets with dependencies get run correctly"
      }, 
      {
        "log": "Trying to compile your code...\nSuccessfully compiled your code..\nTimeout :(", 
        "ptsPossible": 1.0, 
        "ptsEarned": 0.0, 
        "name": "touch_test", 
        "description": "Test that targets don't run if dependency not modified"
      }, 
      {
        "log": "Trying to compile your code...\nSuccessfully compiled your code..\nTimeout :(", 
        "ptsPossible": 1.0, 
        "ptsEarned": 0.0, 
        "name": "tsan_test", 
        "description": "Test that tsan doesn't throw warnings/errors"
      }, 
      {
        "log": "Trying to compile your code...\nSuccessfully compiled your code..", 
        "ptsPossible": 6.0, 
        "ptsEarned": 6.0, 
        "name": "thread_test", 
        "description": "Test that ensure doing threading properly"
      }, 
      {
        "log": "Trying to compile your code...\nSuccessfully compiled your code..", 
        "ptsPossible": 6.0, 
        "ptsEarned": 6.0, 
        "name": "basic_test2_threaded", 
        "description": "Test that a more complex dependencies list gets printed correctly (but needs to be threaded this time"
      }, 
      {
        "log": "Trying to compile your code...\nSuccessfully compiled your code..", 
        "ptsPossible": 1.0, 
        "ptsEarned": 1.0, 
        "name": "memory_test", 
        "description": "Memory test"
      }
    ], 
    "checksum": "aa9909b7f9fd6f1da5a70db5dd7ff82de1e83f74  parmake.c", 
    "revision": "70524"
  }
]